2025-08-30 00:46:09,909 - INFO - ======================================================================
2025-08-30 00:46:09,909 - INFO - BLIP2 MULTI-GPU TRAINING
2025-08-30 00:46:09,909 - INFO - ======================================================================
2025-08-30 00:46:09,909 - INFO - Model: Salesforce/blip2-opt-2.7b
2025-08-30 00:46:09,909 - INFO - GPUs: 4 (Rank 0)
2025-08-30 00:46:09,909 - INFO - Batch size per GPU: 1
2025-08-30 00:46:09,909 - INFO - Effective batch size: 256
2025-08-30 00:46:09,910 - INFO - Learning rate: 3e-05
2025-08-30 00:46:09,910 - INFO - Output dir: /home/labs25captioning/blip2/results/multi_gpu_training/multi_gpu_20250830_004609
2025-08-30 00:46:09,910 - INFO - ======================================================================
2025-08-30 00:46:09,910 - INFO - Loading model: Salesforce/blip2-opt-2.7b
2025-08-30 00:46:28,931 - INFO - Setting up trainable parameters...
2025-08-30 00:46:28,931 - INFO - 
======================================================================
2025-08-30 00:46:28,941 - INFO - ✓ TRAINABLE: qformer.layernorm.weight (Q_FORMER)
2025-08-30 00:46:28,941 - INFO - ✓ TRAINABLE: qformer.layernorm.bias (Q_FORMER)
2025-08-30 00:46:28,941 - INFO - ✓ TRAINABLE: qformer.encoder.layer.0.attention.attention.query.weight (Q_FORMER)
2025-08-30 00:46:28,941 - INFO - ✓ TRAINABLE: qformer.encoder.layer.0.attention.attention.query.bias (Q_FORMER)
2025-08-30 00:46:28,942 - INFO - ✓ TRAINABLE: qformer.encoder.layer.0.attention.attention.key.weight (Q_FORMER)
2025-08-30 00:46:28,942 - INFO - ✓ TRAINABLE: qformer.encoder.layer.0.attention.attention.key.bias (Q_FORMER)
2025-08-30 00:46:28,942 - INFO - ✓ TRAINABLE: qformer.encoder.layer.0.attention.attention.value.weight (Q_FORMER)
2025-08-30 00:46:28,942 - INFO - ✓ TRAINABLE: qformer.encoder.layer.0.attention.attention.value.bias (Q_FORMER)
2025-08-30 00:46:28,942 - INFO - ✓ TRAINABLE: qformer.encoder.layer.0.attention.output.dense.weight (Q_FORMER)
2025-08-30 00:46:28,942 - INFO - ✓ TRAINABLE: qformer.encoder.layer.0.attention.output.dense.bias (Q_FORMER)
2025-08-30 00:46:28,942 - INFO - ✓ TRAINABLE: qformer.encoder.layer.0.attention.output.LayerNorm.weight (Q_FORMER)
2025-08-30 00:46:28,942 - INFO - ✓ TRAINABLE: qformer.encoder.layer.0.attention.output.LayerNorm.bias (Q_FORMER)
2025-08-30 00:46:28,942 - INFO - ✓ TRAINABLE: qformer.encoder.layer.0.crossattention.attention.query.weight (Q_FORMER)
2025-08-30 00:46:28,942 - INFO - ✓ TRAINABLE: qformer.encoder.layer.0.crossattention.attention.query.bias (Q_FORMER)
2025-08-30 00:46:28,942 - INFO - ✓ TRAINABLE: qformer.encoder.layer.0.crossattention.attention.key.weight (Q_FORMER)
2025-08-30 00:46:28,942 - INFO - ✓ TRAINABLE: qformer.encoder.layer.0.crossattention.attention.key.bias (Q_FORMER)
2025-08-30 00:46:28,942 - INFO - ✓ TRAINABLE: qformer.encoder.layer.0.crossattention.attention.value.weight (Q_FORMER)
2025-08-30 00:46:28,942 - INFO - ✓ TRAINABLE: qformer.encoder.layer.0.crossattention.attention.value.bias (Q_FORMER)
2025-08-30 00:46:28,943 - INFO - ✓ TRAINABLE: qformer.encoder.layer.0.crossattention.output.dense.weight (Q_FORMER)
2025-08-30 00:46:28,943 - INFO - ✓ TRAINABLE: qformer.encoder.layer.0.crossattention.output.dense.bias (Q_FORMER)
2025-08-30 00:46:28,943 - INFO - ✓ TRAINABLE: qformer.encoder.layer.0.crossattention.output.LayerNorm.weight (Q_FORMER)
2025-08-30 00:46:28,943 - INFO - ✓ TRAINABLE: qformer.encoder.layer.0.crossattention.output.LayerNorm.bias (Q_FORMER)
2025-08-30 00:46:28,943 - INFO - ✓ TRAINABLE: qformer.encoder.layer.0.intermediate_query.dense.weight (Q_FORMER)
2025-08-30 00:46:28,943 - INFO - ✓ TRAINABLE: qformer.encoder.layer.0.intermediate_query.dense.bias (Q_FORMER)
2025-08-30 00:46:28,943 - INFO - ✓ TRAINABLE: qformer.encoder.layer.0.output_query.dense.weight (Q_FORMER)
2025-08-30 00:46:28,943 - INFO - ✓ TRAINABLE: qformer.encoder.layer.0.output_query.dense.bias (Q_FORMER)
2025-08-30 00:46:28,943 - INFO - ✓ TRAINABLE: qformer.encoder.layer.0.output_query.LayerNorm.weight (Q_FORMER)
2025-08-30 00:46:28,943 - INFO - ✓ TRAINABLE: qformer.encoder.layer.0.output_query.LayerNorm.bias (Q_FORMER)
2025-08-30 00:46:28,943 - INFO - ✓ TRAINABLE: qformer.encoder.layer.1.attention.attention.query.weight (Q_FORMER)
2025-08-30 00:46:28,943 - INFO - ✓ TRAINABLE: qformer.encoder.layer.1.attention.attention.query.bias (Q_FORMER)
2025-08-30 00:46:28,943 - INFO - ✓ TRAINABLE: qformer.encoder.layer.1.attention.attention.key.weight (Q_FORMER)
2025-08-30 00:46:28,943 - INFO - ✓ TRAINABLE: qformer.encoder.layer.1.attention.attention.key.bias (Q_FORMER)
2025-08-30 00:46:28,943 - INFO - ✓ TRAINABLE: qformer.encoder.layer.1.attention.attention.value.weight (Q_FORMER)
2025-08-30 00:46:28,944 - INFO - ✓ TRAINABLE: qformer.encoder.layer.1.attention.attention.value.bias (Q_FORMER)
2025-08-30 00:46:28,944 - INFO - ✓ TRAINABLE: qformer.encoder.layer.1.attention.output.dense.weight (Q_FORMER)
2025-08-30 00:46:28,944 - INFO - ✓ TRAINABLE: qformer.encoder.layer.1.attention.output.dense.bias (Q_FORMER)
2025-08-30 00:46:28,944 - INFO - ✓ TRAINABLE: qformer.encoder.layer.1.attention.output.LayerNorm.weight (Q_FORMER)
2025-08-30 00:46:28,944 - INFO - ✓ TRAINABLE: qformer.encoder.layer.1.attention.output.LayerNorm.bias (Q_FORMER)
2025-08-30 00:46:28,944 - INFO - ✓ TRAINABLE: qformer.encoder.layer.1.intermediate_query.dense.weight (Q_FORMER)
2025-08-30 00:46:28,944 - INFO - ✓ TRAINABLE: qformer.encoder.layer.1.intermediate_query.dense.bias (Q_FORMER)
2025-08-30 00:46:28,944 - INFO - ✓ TRAINABLE: qformer.encoder.layer.1.output_query.dense.weight (Q_FORMER)
2025-08-30 00:46:28,944 - INFO - ✓ TRAINABLE: qformer.encoder.layer.1.output_query.dense.bias (Q_FORMER)
2025-08-30 00:46:28,944 - INFO - ✓ TRAINABLE: qformer.encoder.layer.1.output_query.LayerNorm.weight (Q_FORMER)
2025-08-30 00:46:28,944 - INFO - ✓ TRAINABLE: qformer.encoder.layer.1.output_query.LayerNorm.bias (Q_FORMER)
2025-08-30 00:46:28,944 - INFO - ✓ TRAINABLE: qformer.encoder.layer.2.attention.attention.query.weight (Q_FORMER)
2025-08-30 00:46:28,944 - INFO - ✓ TRAINABLE: qformer.encoder.layer.2.attention.attention.query.bias (Q_FORMER)
2025-08-30 00:46:28,944 - INFO - ✓ TRAINABLE: qformer.encoder.layer.2.attention.attention.key.weight (Q_FORMER)
2025-08-30 00:46:28,945 - INFO - ✓ TRAINABLE: qformer.encoder.layer.2.attention.attention.key.bias (Q_FORMER)
2025-08-30 00:46:28,945 - INFO - ✓ TRAINABLE: qformer.encoder.layer.2.attention.attention.value.weight (Q_FORMER)
2025-08-30 00:46:28,945 - INFO - ✓ TRAINABLE: qformer.encoder.layer.2.attention.attention.value.bias (Q_FORMER)
2025-08-30 00:46:28,945 - INFO - ✓ TRAINABLE: qformer.encoder.layer.2.attention.output.dense.weight (Q_FORMER)
2025-08-30 00:46:28,945 - INFO - ✓ TRAINABLE: qformer.encoder.layer.2.attention.output.dense.bias (Q_FORMER)
2025-08-30 00:46:28,945 - INFO - ✓ TRAINABLE: qformer.encoder.layer.2.attention.output.LayerNorm.weight (Q_FORMER)
2025-08-30 00:46:28,945 - INFO - ✓ TRAINABLE: qformer.encoder.layer.2.attention.output.LayerNorm.bias (Q_FORMER)
2025-08-30 00:46:28,945 - INFO - ✓ TRAINABLE: qformer.encoder.layer.2.crossattention.attention.query.weight (Q_FORMER)
2025-08-30 00:46:28,945 - INFO - ✓ TRAINABLE: qformer.encoder.layer.2.crossattention.attention.query.bias (Q_FORMER)
2025-08-30 00:46:28,945 - INFO - ✓ TRAINABLE: qformer.encoder.layer.2.crossattention.attention.key.weight (Q_FORMER)
2025-08-30 00:46:28,945 - INFO - ✓ TRAINABLE: qformer.encoder.layer.2.crossattention.attention.key.bias (Q_FORMER)
2025-08-30 00:46:28,945 - INFO - ✓ TRAINABLE: qformer.encoder.layer.2.crossattention.attention.value.weight (Q_FORMER)
2025-08-30 00:46:28,945 - INFO - ✓ TRAINABLE: qformer.encoder.layer.2.crossattention.attention.value.bias (Q_FORMER)
2025-08-30 00:46:28,945 - INFO - ✓ TRAINABLE: qformer.encoder.layer.2.crossattention.output.dense.weight (Q_FORMER)
2025-08-30 00:46:28,945 - INFO - ✓ TRAINABLE: qformer.encoder.layer.2.crossattention.output.dense.bias (Q_FORMER)
2025-08-30 00:46:28,946 - INFO - ✓ TRAINABLE: qformer.encoder.layer.2.crossattention.output.LayerNorm.weight (Q_FORMER)
2025-08-30 00:46:28,946 - INFO - ✓ TRAINABLE: qformer.encoder.layer.2.crossattention.output.LayerNorm.bias (Q_FORMER)
2025-08-30 00:46:28,946 - INFO - ✓ TRAINABLE: qformer.encoder.layer.2.intermediate_query.dense.weight (Q_FORMER)
2025-08-30 00:46:28,946 - INFO - ✓ TRAINABLE: qformer.encoder.layer.2.intermediate_query.dense.bias (Q_FORMER)
2025-08-30 00:46:28,946 - INFO - ✓ TRAINABLE: qformer.encoder.layer.2.output_query.dense.weight (Q_FORMER)
2025-08-30 00:46:28,946 - INFO - ✓ TRAINABLE: qformer.encoder.layer.2.output_query.dense.bias (Q_FORMER)
2025-08-30 00:46:28,946 - INFO - ✓ TRAINABLE: qformer.encoder.layer.2.output_query.LayerNorm.weight (Q_FORMER)
2025-08-30 00:46:28,946 - INFO - ✓ TRAINABLE: qformer.encoder.layer.2.output_query.LayerNorm.bias (Q_FORMER)
2025-08-30 00:46:28,946 - INFO - ✓ TRAINABLE: qformer.encoder.layer.3.attention.attention.query.weight (Q_FORMER)
2025-08-30 00:46:28,946 - INFO - ✓ TRAINABLE: qformer.encoder.layer.3.attention.attention.query.bias (Q_FORMER)
2025-08-30 00:46:28,946 - INFO - ✓ TRAINABLE: qformer.encoder.layer.3.attention.attention.key.weight (Q_FORMER)
2025-08-30 00:46:28,946 - INFO - ✓ TRAINABLE: qformer.encoder.layer.3.attention.attention.key.bias (Q_FORMER)
2025-08-30 00:46:28,946 - INFO - ✓ TRAINABLE: qformer.encoder.layer.3.attention.attention.value.weight (Q_FORMER)
2025-08-30 00:46:28,946 - INFO - ✓ TRAINABLE: qformer.encoder.layer.3.attention.attention.value.bias (Q_FORMER)
2025-08-30 00:46:28,946 - INFO - ✓ TRAINABLE: qformer.encoder.layer.3.attention.output.dense.weight (Q_FORMER)
2025-08-30 00:46:28,947 - INFO - ✓ TRAINABLE: qformer.encoder.layer.3.attention.output.dense.bias (Q_FORMER)
2025-08-30 00:46:28,947 - INFO - ✓ TRAINABLE: qformer.encoder.layer.3.attention.output.LayerNorm.weight (Q_FORMER)
2025-08-30 00:46:28,947 - INFO - ✓ TRAINABLE: qformer.encoder.layer.3.attention.output.LayerNorm.bias (Q_FORMER)
2025-08-30 00:46:28,947 - INFO - ✓ TRAINABLE: qformer.encoder.layer.3.intermediate_query.dense.weight (Q_FORMER)
2025-08-30 00:46:28,947 - INFO - ✓ TRAINABLE: qformer.encoder.layer.3.intermediate_query.dense.bias (Q_FORMER)
2025-08-30 00:46:28,947 - INFO - ✓ TRAINABLE: qformer.encoder.layer.3.output_query.dense.weight (Q_FORMER)
2025-08-30 00:46:28,947 - INFO - ✓ TRAINABLE: qformer.encoder.layer.3.output_query.dense.bias (Q_FORMER)
2025-08-30 00:46:28,949 - INFO - ✓ TRAINABLE: qformer.encoder.layer.3.output_query.LayerNorm.weight (Q_FORMER)
2025-08-30 00:46:28,949 - INFO - ✓ TRAINABLE: qformer.encoder.layer.3.output_query.LayerNorm.bias (Q_FORMER)
2025-08-30 00:46:28,949 - INFO - ✓ TRAINABLE: qformer.encoder.layer.4.attention.attention.query.weight (Q_FORMER)
2025-08-30 00:46:28,949 - INFO - ✓ TRAINABLE: qformer.encoder.layer.4.attention.attention.query.bias (Q_FORMER)
2025-08-30 00:46:28,949 - INFO - ✓ TRAINABLE: qformer.encoder.layer.4.attention.attention.key.weight (Q_FORMER)
2025-08-30 00:46:28,949 - INFO - ✓ TRAINABLE: qformer.encoder.layer.4.attention.attention.key.bias (Q_FORMER)
2025-08-30 00:46:28,949 - INFO - ✓ TRAINABLE: qformer.encoder.layer.4.attention.attention.value.weight (Q_FORMER)
2025-08-30 00:46:28,949 - INFO - ✓ TRAINABLE: qformer.encoder.layer.4.attention.attention.value.bias (Q_FORMER)
2025-08-30 00:46:28,949 - INFO - ✓ TRAINABLE: qformer.encoder.layer.4.attention.output.dense.weight (Q_FORMER)
2025-08-30 00:46:28,949 - INFO - ✓ TRAINABLE: qformer.encoder.layer.4.attention.output.dense.bias (Q_FORMER)
2025-08-30 00:46:28,949 - INFO - ✓ TRAINABLE: qformer.encoder.layer.4.attention.output.LayerNorm.weight (Q_FORMER)
2025-08-30 00:46:28,949 - INFO - ✓ TRAINABLE: qformer.encoder.layer.4.attention.output.LayerNorm.bias (Q_FORMER)
2025-08-30 00:46:28,950 - INFO - ✓ TRAINABLE: qformer.encoder.layer.4.crossattention.attention.query.weight (Q_FORMER)
2025-08-30 00:46:28,950 - INFO - ✓ TRAINABLE: qformer.encoder.layer.4.crossattention.attention.query.bias (Q_FORMER)
2025-08-30 00:46:28,950 - INFO - ✓ TRAINABLE: qformer.encoder.layer.4.crossattention.attention.key.weight (Q_FORMER)
2025-08-30 00:46:28,950 - INFO - ✓ TRAINABLE: qformer.encoder.layer.4.crossattention.attention.key.bias (Q_FORMER)
2025-08-30 00:46:28,950 - INFO - ✓ TRAINABLE: qformer.encoder.layer.4.crossattention.attention.value.weight (Q_FORMER)
2025-08-30 00:46:28,950 - INFO - ✓ TRAINABLE: qformer.encoder.layer.4.crossattention.attention.value.bias (Q_FORMER)
2025-08-30 00:46:28,950 - INFO - ✓ TRAINABLE: qformer.encoder.layer.4.crossattention.output.dense.weight (Q_FORMER)
2025-08-30 00:46:28,950 - INFO - ✓ TRAINABLE: qformer.encoder.layer.4.crossattention.output.dense.bias (Q_FORMER)
2025-08-30 00:46:28,950 - INFO - ✓ TRAINABLE: qformer.encoder.layer.4.crossattention.output.LayerNorm.weight (Q_FORMER)
2025-08-30 00:46:28,950 - INFO - ✓ TRAINABLE: qformer.encoder.layer.4.crossattention.output.LayerNorm.bias (Q_FORMER)
2025-08-30 00:46:28,950 - INFO - ✓ TRAINABLE: qformer.encoder.layer.4.intermediate_query.dense.weight (Q_FORMER)
2025-08-30 00:46:28,950 - INFO - ✓ TRAINABLE: qformer.encoder.layer.4.intermediate_query.dense.bias (Q_FORMER)
2025-08-30 00:46:28,950 - INFO - ✓ TRAINABLE: qformer.encoder.layer.4.output_query.dense.weight (Q_FORMER)
2025-08-30 00:46:28,950 - INFO - ✓ TRAINABLE: qformer.encoder.layer.4.output_query.dense.bias (Q_FORMER)
2025-08-30 00:46:28,951 - INFO - ✓ TRAINABLE: qformer.encoder.layer.4.output_query.LayerNorm.weight (Q_FORMER)
2025-08-30 00:46:28,951 - INFO - ✓ TRAINABLE: qformer.encoder.layer.4.output_query.LayerNorm.bias (Q_FORMER)
2025-08-30 00:46:28,951 - INFO - ✓ TRAINABLE: qformer.encoder.layer.5.attention.attention.query.weight (Q_FORMER)
2025-08-30 00:46:28,951 - INFO - ✓ TRAINABLE: qformer.encoder.layer.5.attention.attention.query.bias (Q_FORMER)
2025-08-30 00:46:28,951 - INFO - ✓ TRAINABLE: qformer.encoder.layer.5.attention.attention.key.weight (Q_FORMER)
2025-08-30 00:46:28,951 - INFO - ✓ TRAINABLE: qformer.encoder.layer.5.attention.attention.key.bias (Q_FORMER)
2025-08-30 00:46:28,951 - INFO - ✓ TRAINABLE: qformer.encoder.layer.5.attention.attention.value.weight (Q_FORMER)
2025-08-30 00:46:28,951 - INFO - ✓ TRAINABLE: qformer.encoder.layer.5.attention.attention.value.bias (Q_FORMER)
2025-08-30 00:46:28,951 - INFO - ✓ TRAINABLE: qformer.encoder.layer.5.attention.output.dense.weight (Q_FORMER)
2025-08-30 00:46:28,951 - INFO - ✓ TRAINABLE: qformer.encoder.layer.5.attention.output.dense.bias (Q_FORMER)
2025-08-30 00:46:28,951 - INFO - ✓ TRAINABLE: qformer.encoder.layer.5.attention.output.LayerNorm.weight (Q_FORMER)
2025-08-30 00:46:28,951 - INFO - ✓ TRAINABLE: qformer.encoder.layer.5.attention.output.LayerNorm.bias (Q_FORMER)
2025-08-30 00:46:28,951 - INFO - ✓ TRAINABLE: qformer.encoder.layer.5.intermediate_query.dense.weight (Q_FORMER)
2025-08-30 00:46:28,951 - INFO - ✓ TRAINABLE: qformer.encoder.layer.5.intermediate_query.dense.bias (Q_FORMER)
2025-08-30 00:46:28,951 - INFO - ✓ TRAINABLE: qformer.encoder.layer.5.output_query.dense.weight (Q_FORMER)
2025-08-30 00:46:28,952 - INFO - ✓ TRAINABLE: qformer.encoder.layer.5.output_query.dense.bias (Q_FORMER)
2025-08-30 00:46:28,952 - INFO - ✓ TRAINABLE: qformer.encoder.layer.5.output_query.LayerNorm.weight (Q_FORMER)
2025-08-30 00:46:28,952 - INFO - ✓ TRAINABLE: qformer.encoder.layer.5.output_query.LayerNorm.bias (Q_FORMER)
2025-08-30 00:46:28,952 - INFO - ✓ TRAINABLE: qformer.encoder.layer.6.attention.attention.query.weight (Q_FORMER)
2025-08-30 00:46:28,952 - INFO - ✓ TRAINABLE: qformer.encoder.layer.6.attention.attention.query.bias (Q_FORMER)
2025-08-30 00:46:28,952 - INFO - ✓ TRAINABLE: qformer.encoder.layer.6.attention.attention.key.weight (Q_FORMER)
2025-08-30 00:46:28,952 - INFO - ✓ TRAINABLE: qformer.encoder.layer.6.attention.attention.key.bias (Q_FORMER)
2025-08-30 00:46:28,952 - INFO - ✓ TRAINABLE: qformer.encoder.layer.6.attention.attention.value.weight (Q_FORMER)
2025-08-30 00:46:28,952 - INFO - ✓ TRAINABLE: qformer.encoder.layer.6.attention.attention.value.bias (Q_FORMER)
2025-08-30 00:46:28,952 - INFO - ✓ TRAINABLE: qformer.encoder.layer.6.attention.output.dense.weight (Q_FORMER)
2025-08-30 00:46:28,952 - INFO - ✓ TRAINABLE: qformer.encoder.layer.6.attention.output.dense.bias (Q_FORMER)
2025-08-30 00:46:28,952 - INFO - ✓ TRAINABLE: qformer.encoder.layer.6.attention.output.LayerNorm.weight (Q_FORMER)
2025-08-30 00:46:28,952 - INFO - ✓ TRAINABLE: qformer.encoder.layer.6.attention.output.LayerNorm.bias (Q_FORMER)
2025-08-30 00:46:28,952 - INFO - ✓ TRAINABLE: qformer.encoder.layer.6.crossattention.attention.query.weight (Q_FORMER)
2025-08-30 00:46:28,953 - INFO - ✓ TRAINABLE: qformer.encoder.layer.6.crossattention.attention.query.bias (Q_FORMER)
2025-08-30 00:46:28,953 - INFO - ✓ TRAINABLE: qformer.encoder.layer.6.crossattention.attention.key.weight (Q_FORMER)
2025-08-30 00:46:28,953 - INFO - ✓ TRAINABLE: qformer.encoder.layer.6.crossattention.attention.key.bias (Q_FORMER)
2025-08-30 00:46:28,953 - INFO - ✓ TRAINABLE: qformer.encoder.layer.6.crossattention.attention.value.weight (Q_FORMER)
2025-08-30 00:46:28,953 - INFO - ✓ TRAINABLE: qformer.encoder.layer.6.crossattention.attention.value.bias (Q_FORMER)
2025-08-30 00:46:28,953 - INFO - ✓ TRAINABLE: qformer.encoder.layer.6.crossattention.output.dense.weight (Q_FORMER)
2025-08-30 00:46:28,953 - INFO - ✓ TRAINABLE: qformer.encoder.layer.6.crossattention.output.dense.bias (Q_FORMER)
2025-08-30 00:46:28,953 - INFO - ✓ TRAINABLE: qformer.encoder.layer.6.crossattention.output.LayerNorm.weight (Q_FORMER)
2025-08-30 00:46:28,953 - INFO - ✓ TRAINABLE: qformer.encoder.layer.6.crossattention.output.LayerNorm.bias (Q_FORMER)
2025-08-30 00:46:28,953 - INFO - ✓ TRAINABLE: qformer.encoder.layer.6.intermediate_query.dense.weight (Q_FORMER)
2025-08-30 00:46:28,953 - INFO - ✓ TRAINABLE: qformer.encoder.layer.6.intermediate_query.dense.bias (Q_FORMER)
2025-08-30 00:46:28,953 - INFO - ✓ TRAINABLE: qformer.encoder.layer.6.output_query.dense.weight (Q_FORMER)
2025-08-30 00:46:28,953 - INFO - ✓ TRAINABLE: qformer.encoder.layer.6.output_query.dense.bias (Q_FORMER)
2025-08-30 00:46:28,953 - INFO - ✓ TRAINABLE: qformer.encoder.layer.6.output_query.LayerNorm.weight (Q_FORMER)
2025-08-30 00:46:28,953 - INFO - ✓ TRAINABLE: qformer.encoder.layer.6.output_query.LayerNorm.bias (Q_FORMER)
2025-08-30 00:46:28,954 - INFO - ✓ TRAINABLE: qformer.encoder.layer.7.attention.attention.query.weight (Q_FORMER)
2025-08-30 00:46:28,954 - INFO - ✓ TRAINABLE: qformer.encoder.layer.7.attention.attention.query.bias (Q_FORMER)
2025-08-30 00:46:28,954 - INFO - ✓ TRAINABLE: qformer.encoder.layer.7.attention.attention.key.weight (Q_FORMER)
2025-08-30 00:46:28,954 - INFO - ✓ TRAINABLE: qformer.encoder.layer.7.attention.attention.key.bias (Q_FORMER)
2025-08-30 00:46:28,954 - INFO - ✓ TRAINABLE: qformer.encoder.layer.7.attention.attention.value.weight (Q_FORMER)
2025-08-30 00:46:28,954 - INFO - ✓ TRAINABLE: qformer.encoder.layer.7.attention.attention.value.bias (Q_FORMER)
2025-08-30 00:46:28,954 - INFO - ✓ TRAINABLE: qformer.encoder.layer.7.attention.output.dense.weight (Q_FORMER)
2025-08-30 00:46:28,954 - INFO - ✓ TRAINABLE: qformer.encoder.layer.7.attention.output.dense.bias (Q_FORMER)
2025-08-30 00:46:28,954 - INFO - ✓ TRAINABLE: qformer.encoder.layer.7.attention.output.LayerNorm.weight (Q_FORMER)
2025-08-30 00:46:28,954 - INFO - ✓ TRAINABLE: qformer.encoder.layer.7.attention.output.LayerNorm.bias (Q_FORMER)
2025-08-30 00:46:28,954 - INFO - ✓ TRAINABLE: qformer.encoder.layer.7.intermediate_query.dense.weight (Q_FORMER)
2025-08-30 00:46:28,954 - INFO - ✓ TRAINABLE: qformer.encoder.layer.7.intermediate_query.dense.bias (Q_FORMER)
2025-08-30 00:46:28,954 - INFO - ✓ TRAINABLE: qformer.encoder.layer.7.output_query.dense.weight (Q_FORMER)
2025-08-30 00:46:28,954 - INFO - ✓ TRAINABLE: qformer.encoder.layer.7.output_query.dense.bias (Q_FORMER)
2025-08-30 00:46:28,954 - INFO - ✓ TRAINABLE: qformer.encoder.layer.7.output_query.LayerNorm.weight (Q_FORMER)
2025-08-30 00:46:28,955 - INFO - ✓ TRAINABLE: qformer.encoder.layer.7.output_query.LayerNorm.bias (Q_FORMER)
2025-08-30 00:46:28,955 - INFO - ✓ TRAINABLE: qformer.encoder.layer.8.attention.attention.query.weight (Q_FORMER)
2025-08-30 00:46:28,955 - INFO - ✓ TRAINABLE: qformer.encoder.layer.8.attention.attention.query.bias (Q_FORMER)
2025-08-30 00:46:28,955 - INFO - ✓ TRAINABLE: qformer.encoder.layer.8.attention.attention.key.weight (Q_FORMER)
2025-08-30 00:46:28,955 - INFO - ✓ TRAINABLE: qformer.encoder.layer.8.attention.attention.key.bias (Q_FORMER)
2025-08-30 00:46:28,955 - INFO - ✓ TRAINABLE: qformer.encoder.layer.8.attention.attention.value.weight (Q_FORMER)
2025-08-30 00:46:28,955 - INFO - ✓ TRAINABLE: qformer.encoder.layer.8.attention.attention.value.bias (Q_FORMER)
2025-08-30 00:46:28,955 - INFO - ✓ TRAINABLE: qformer.encoder.layer.8.attention.output.dense.weight (Q_FORMER)
2025-08-30 00:46:28,955 - INFO - ✓ TRAINABLE: qformer.encoder.layer.8.attention.output.dense.bias (Q_FORMER)
2025-08-30 00:46:28,955 - INFO - ✓ TRAINABLE: qformer.encoder.layer.8.attention.output.LayerNorm.weight (Q_FORMER)
2025-08-30 00:46:28,955 - INFO - ✓ TRAINABLE: qformer.encoder.layer.8.attention.output.LayerNorm.bias (Q_FORMER)
2025-08-30 00:46:28,955 - INFO - ✓ TRAINABLE: qformer.encoder.layer.8.crossattention.attention.query.weight (Q_FORMER)
2025-08-30 00:46:28,955 - INFO - ✓ TRAINABLE: qformer.encoder.layer.8.crossattention.attention.query.bias (Q_FORMER)
2025-08-30 00:46:28,955 - INFO - ✓ TRAINABLE: qformer.encoder.layer.8.crossattention.attention.key.weight (Q_FORMER)
2025-08-30 00:46:28,956 - INFO - ✓ TRAINABLE: qformer.encoder.layer.8.crossattention.attention.key.bias (Q_FORMER)
2025-08-30 00:46:28,956 - INFO - ✓ TRAINABLE: qformer.encoder.layer.8.crossattention.attention.value.weight (Q_FORMER)
2025-08-30 00:46:28,956 - INFO - ✓ TRAINABLE: qformer.encoder.layer.8.crossattention.attention.value.bias (Q_FORMER)
2025-08-30 00:46:28,956 - INFO - ✓ TRAINABLE: qformer.encoder.layer.8.crossattention.output.dense.weight (Q_FORMER)
2025-08-30 00:46:28,956 - INFO - ✓ TRAINABLE: qformer.encoder.layer.8.crossattention.output.dense.bias (Q_FORMER)
2025-08-30 00:46:28,956 - INFO - ✓ TRAINABLE: qformer.encoder.layer.8.crossattention.output.LayerNorm.weight (Q_FORMER)
2025-08-30 00:46:28,956 - INFO - ✓ TRAINABLE: qformer.encoder.layer.8.crossattention.output.LayerNorm.bias (Q_FORMER)
2025-08-30 00:46:28,956 - INFO - ✓ TRAINABLE: qformer.encoder.layer.8.intermediate_query.dense.weight (Q_FORMER)
2025-08-30 00:46:28,956 - INFO - ✓ TRAINABLE: qformer.encoder.layer.8.intermediate_query.dense.bias (Q_FORMER)
2025-08-30 00:46:28,956 - INFO - ✓ TRAINABLE: qformer.encoder.layer.8.output_query.dense.weight (Q_FORMER)
2025-08-30 00:46:28,956 - INFO - ✓ TRAINABLE: qformer.encoder.layer.8.output_query.dense.bias (Q_FORMER)
2025-08-30 00:46:28,956 - INFO - ✓ TRAINABLE: qformer.encoder.layer.8.output_query.LayerNorm.weight (Q_FORMER)
2025-08-30 00:46:28,956 - INFO - ✓ TRAINABLE: qformer.encoder.layer.8.output_query.LayerNorm.bias (Q_FORMER)
2025-08-30 00:46:28,956 - INFO - ✓ TRAINABLE: qformer.encoder.layer.9.attention.attention.query.weight (Q_FORMER)
2025-08-30 00:46:28,956 - INFO - ✓ TRAINABLE: qformer.encoder.layer.9.attention.attention.query.bias (Q_FORMER)
2025-08-30 00:46:28,957 - INFO - ✓ TRAINABLE: qformer.encoder.layer.9.attention.attention.key.weight (Q_FORMER)
2025-08-30 00:46:28,957 - INFO - ✓ TRAINABLE: qformer.encoder.layer.9.attention.attention.key.bias (Q_FORMER)
2025-08-30 00:46:28,957 - INFO - ✓ TRAINABLE: qformer.encoder.layer.9.attention.attention.value.weight (Q_FORMER)
2025-08-30 00:46:28,957 - INFO - ✓ TRAINABLE: qformer.encoder.layer.9.attention.attention.value.bias (Q_FORMER)
2025-08-30 00:46:28,957 - INFO - ✓ TRAINABLE: qformer.encoder.layer.9.attention.output.dense.weight (Q_FORMER)
2025-08-30 00:46:28,957 - INFO - ✓ TRAINABLE: qformer.encoder.layer.9.attention.output.dense.bias (Q_FORMER)
2025-08-30 00:46:28,957 - INFO - ✓ TRAINABLE: qformer.encoder.layer.9.attention.output.LayerNorm.weight (Q_FORMER)
2025-08-30 00:46:28,957 - INFO - ✓ TRAINABLE: qformer.encoder.layer.9.attention.output.LayerNorm.bias (Q_FORMER)
2025-08-30 00:46:28,957 - INFO - ✓ TRAINABLE: qformer.encoder.layer.9.intermediate_query.dense.weight (Q_FORMER)
2025-08-30 00:46:28,957 - INFO - ✓ TRAINABLE: qformer.encoder.layer.9.intermediate_query.dense.bias (Q_FORMER)
2025-08-30 00:46:28,957 - INFO - ✓ TRAINABLE: qformer.encoder.layer.9.output_query.dense.weight (Q_FORMER)
2025-08-30 00:46:28,957 - INFO - ✓ TRAINABLE: qformer.encoder.layer.9.output_query.dense.bias (Q_FORMER)
2025-08-30 00:46:28,957 - INFO - ✓ TRAINABLE: qformer.encoder.layer.9.output_query.LayerNorm.weight (Q_FORMER)
2025-08-30 00:46:28,957 - INFO - ✓ TRAINABLE: qformer.encoder.layer.9.output_query.LayerNorm.bias (Q_FORMER)
2025-08-30 00:46:28,958 - INFO - ✓ TRAINABLE: qformer.encoder.layer.10.attention.attention.query.weight (Q_FORMER)
2025-08-30 00:46:28,958 - INFO - ✓ TRAINABLE: qformer.encoder.layer.10.attention.attention.query.bias (Q_FORMER)
2025-08-30 00:46:28,958 - INFO - ✓ TRAINABLE: qformer.encoder.layer.10.attention.attention.key.weight (Q_FORMER)
2025-08-30 00:46:28,958 - INFO - ✓ TRAINABLE: qformer.encoder.layer.10.attention.attention.key.bias (Q_FORMER)
2025-08-30 00:46:28,958 - INFO - ✓ TRAINABLE: qformer.encoder.layer.10.attention.attention.value.weight (Q_FORMER)
2025-08-30 00:46:28,958 - INFO - ✓ TRAINABLE: qformer.encoder.layer.10.attention.attention.value.bias (Q_FORMER)
2025-08-30 00:46:28,958 - INFO - ✓ TRAINABLE: qformer.encoder.layer.10.attention.output.dense.weight (Q_FORMER)
2025-08-30 00:46:28,958 - INFO - ✓ TRAINABLE: qformer.encoder.layer.10.attention.output.dense.bias (Q_FORMER)
2025-08-30 00:46:28,958 - INFO - ✓ TRAINABLE: qformer.encoder.layer.10.attention.output.LayerNorm.weight (Q_FORMER)
2025-08-30 00:46:28,958 - INFO - ✓ TRAINABLE: qformer.encoder.layer.10.attention.output.LayerNorm.bias (Q_FORMER)
2025-08-30 00:46:28,958 - INFO - ✓ TRAINABLE: qformer.encoder.layer.10.crossattention.attention.query.weight (Q_FORMER)
2025-08-30 00:46:28,958 - INFO - ✓ TRAINABLE: qformer.encoder.layer.10.crossattention.attention.query.bias (Q_FORMER)
2025-08-30 00:46:28,958 - INFO - ✓ TRAINABLE: qformer.encoder.layer.10.crossattention.attention.key.weight (Q_FORMER)
2025-08-30 00:46:28,958 - INFO - ✓ TRAINABLE: qformer.encoder.layer.10.crossattention.attention.key.bias (Q_FORMER)
2025-08-30 00:46:28,958 - INFO - ✓ TRAINABLE: qformer.encoder.layer.10.crossattention.attention.value.weight (Q_FORMER)
2025-08-30 00:46:28,959 - INFO - ✓ TRAINABLE: qformer.encoder.layer.10.crossattention.attention.value.bias (Q_FORMER)
2025-08-30 00:46:28,959 - INFO - ✓ TRAINABLE: qformer.encoder.layer.10.crossattention.output.dense.weight (Q_FORMER)
2025-08-30 00:46:28,959 - INFO - ✓ TRAINABLE: qformer.encoder.layer.10.crossattention.output.dense.bias (Q_FORMER)
2025-08-30 00:46:28,959 - INFO - ✓ TRAINABLE: qformer.encoder.layer.10.crossattention.output.LayerNorm.weight (Q_FORMER)
2025-08-30 00:46:28,959 - INFO - ✓ TRAINABLE: qformer.encoder.layer.10.crossattention.output.LayerNorm.bias (Q_FORMER)
2025-08-30 00:46:28,959 - INFO - ✓ TRAINABLE: qformer.encoder.layer.10.intermediate_query.dense.weight (Q_FORMER)
2025-08-30 00:46:28,959 - INFO - ✓ TRAINABLE: qformer.encoder.layer.10.intermediate_query.dense.bias (Q_FORMER)
2025-08-30 00:46:28,959 - INFO - ✓ TRAINABLE: qformer.encoder.layer.10.output_query.dense.weight (Q_FORMER)
2025-08-30 00:46:28,959 - INFO - ✓ TRAINABLE: qformer.encoder.layer.10.output_query.dense.bias (Q_FORMER)
2025-08-30 00:46:28,959 - INFO - ✓ TRAINABLE: qformer.encoder.layer.10.output_query.LayerNorm.weight (Q_FORMER)
2025-08-30 00:46:28,959 - INFO - ✓ TRAINABLE: qformer.encoder.layer.10.output_query.LayerNorm.bias (Q_FORMER)
2025-08-30 00:46:28,959 - INFO - ✓ TRAINABLE: qformer.encoder.layer.11.attention.attention.query.weight (Q_FORMER)
2025-08-30 00:46:28,959 - INFO - ✓ TRAINABLE: qformer.encoder.layer.11.attention.attention.query.bias (Q_FORMER)
2025-08-30 00:46:28,959 - INFO - ✓ TRAINABLE: qformer.encoder.layer.11.attention.attention.key.weight (Q_FORMER)
2025-08-30 00:46:28,960 - INFO - ✓ TRAINABLE: qformer.encoder.layer.11.attention.attention.key.bias (Q_FORMER)
2025-08-30 00:46:28,960 - INFO - ✓ TRAINABLE: qformer.encoder.layer.11.attention.attention.value.weight (Q_FORMER)
2025-08-30 00:46:28,960 - INFO - ✓ TRAINABLE: qformer.encoder.layer.11.attention.attention.value.bias (Q_FORMER)
2025-08-30 00:46:28,960 - INFO - ✓ TRAINABLE: qformer.encoder.layer.11.attention.output.dense.weight (Q_FORMER)
2025-08-30 00:46:28,960 - INFO - ✓ TRAINABLE: qformer.encoder.layer.11.attention.output.dense.bias (Q_FORMER)
2025-08-30 00:46:28,960 - INFO - ✓ TRAINABLE: qformer.encoder.layer.11.attention.output.LayerNorm.weight (Q_FORMER)
2025-08-30 00:46:28,960 - INFO - ✓ TRAINABLE: qformer.encoder.layer.11.attention.output.LayerNorm.bias (Q_FORMER)
2025-08-30 00:46:28,960 - INFO - ✓ TRAINABLE: qformer.encoder.layer.11.intermediate_query.dense.weight (Q_FORMER)
2025-08-30 00:46:28,960 - INFO - ✓ TRAINABLE: qformer.encoder.layer.11.intermediate_query.dense.bias (Q_FORMER)
2025-08-30 00:46:28,960 - INFO - ✓ TRAINABLE: qformer.encoder.layer.11.output_query.dense.weight (Q_FORMER)
2025-08-30 00:46:28,960 - INFO - ✓ TRAINABLE: qformer.encoder.layer.11.output_query.dense.bias (Q_FORMER)
2025-08-30 00:46:28,960 - INFO - ✓ TRAINABLE: qformer.encoder.layer.11.output_query.LayerNorm.weight (Q_FORMER)
2025-08-30 00:46:28,960 - INFO - ✓ TRAINABLE: qformer.encoder.layer.11.output_query.LayerNorm.bias (Q_FORMER)
2025-08-30 00:46:28,964 - INFO - ✓ TRAINABLE: language_model.model.decoder.layers.31.self_attn.k_proj.weight (OPT_DECODER_LAYER_31)
2025-08-30 00:46:28,965 - INFO - ✓ TRAINABLE: language_model.model.decoder.layers.31.self_attn.k_proj.bias (OPT_DECODER_LAYER_31)
2025-08-30 00:46:28,965 - INFO - ✓ TRAINABLE: language_model.model.decoder.layers.31.self_attn.v_proj.weight (OPT_DECODER_LAYER_31)
2025-08-30 00:46:28,965 - INFO - ✓ TRAINABLE: language_model.model.decoder.layers.31.self_attn.v_proj.bias (OPT_DECODER_LAYER_31)
2025-08-30 00:46:28,965 - INFO - ✓ TRAINABLE: language_model.model.decoder.layers.31.self_attn.q_proj.weight (OPT_DECODER_LAYER_31)
2025-08-30 00:46:28,965 - INFO - ✓ TRAINABLE: language_model.model.decoder.layers.31.self_attn.q_proj.bias (OPT_DECODER_LAYER_31)
2025-08-30 00:46:28,965 - INFO - ✓ TRAINABLE: language_model.model.decoder.layers.31.self_attn.out_proj.weight (OPT_DECODER_LAYER_31)
2025-08-30 00:46:28,965 - INFO - ✓ TRAINABLE: language_model.model.decoder.layers.31.self_attn.out_proj.bias (OPT_DECODER_LAYER_31)
2025-08-30 00:46:28,965 - INFO - ✓ TRAINABLE: language_model.model.decoder.layers.31.self_attn_layer_norm.weight (OPT_DECODER_LAYER_31)
2025-08-30 00:46:28,965 - INFO - ✓ TRAINABLE: language_model.model.decoder.layers.31.self_attn_layer_norm.bias (OPT_DECODER_LAYER_31)
2025-08-30 00:46:28,965 - INFO - ✓ TRAINABLE: language_model.model.decoder.layers.31.fc1.weight (OPT_DECODER_LAYER_31)
2025-08-30 00:46:28,965 - INFO - ✓ TRAINABLE: language_model.model.decoder.layers.31.fc1.bias (OPT_DECODER_LAYER_31)
2025-08-30 00:46:28,965 - INFO - ✓ TRAINABLE: language_model.model.decoder.layers.31.fc2.weight (OPT_DECODER_LAYER_31)
2025-08-30 00:46:28,965 - INFO - ✓ TRAINABLE: language_model.model.decoder.layers.31.fc2.bias (OPT_DECODER_LAYER_31)
2025-08-30 00:46:28,965 - INFO - ✓ TRAINABLE: language_model.model.decoder.layers.31.final_layer_norm.weight (OPT_DECODER_LAYER_31)
2025-08-30 00:46:28,966 - INFO - ✓ TRAINABLE: language_model.model.decoder.layers.31.final_layer_norm.bias (OPT_DECODER_LAYER_31)
2025-08-30 00:46:28,972 - INFO - 
============================================================
2025-08-30 00:46:28,972 - INFO - PARAMETER SUMMARY
2025-08-30 00:46:28,972 - INFO - ============================================================
2025-08-30 00:46:28,972 - INFO - Trainable parameters: 183,814,144 / 3,744,761,856
2025-08-30 00:46:28,973 - INFO - Percentage trainable: 4.91%
2025-08-30 00:46:28,973 - INFO - Strategy: Q-Former + LM Head + Last 1 OPT Decoder Layers
2025-08-30 00:46:28,973 - INFO - ============================================================
2025-08-30 00:46:32,506 - INFO - Loading datasets...
2025-08-30 00:46:32,555 - INFO - Rank 0: Validating 12956 images...
2025-08-30 00:46:35,264 - INFO - Rank 0: Found 12956 valid images.
2025-08-30 00:46:35,313 - INFO - Rank 2: Received 12956 valid items from rank 0.
2025-08-30 00:46:35,314 - INFO - Rank 1: Received 12956 valid items from rank 0.
2025-08-30 00:46:35,314 - INFO - Rank 3: Received 12956 valid items from rank 0.
2025-08-30 00:46:35,319 - INFO - Rank 0: Validating 1000 images...
2025-08-30 00:46:35,528 - INFO - Rank 0: Found 1000 valid images.
2025-08-30 00:46:35,532 - INFO - Rank 3: Received 1000 valid items from rank 0.
2025-08-30 00:46:35,532 - INFO - Rank 1: Received 1000 valid items from rank 0.
2025-08-30 00:46:35,532 - INFO - Rank 2: Received 1000 valid items from rank 0.
2025-08-30 00:46:35,543 - INFO - Steps per epoch: 50
2025-08-30 00:46:35,544 - INFO - Total steps: 600
2025-08-30 00:46:35,544 - INFO - Warmup steps: 120
2025-08-30 00:46:35,544 - INFO - Starting training...
2025-08-30 00:46:35,544 - INFO - 
EPOCH 1/12
2025-08-30 00:56:36,012 - INFO - Step 20, Loss: 13.1028, LR: 5.00e-06
2025-08-30 01:06:34,982 - INFO - Step 40, Loss: 7.8956, LR: 1.00e-05
2025-08-30 01:11:50,209 - INFO - Epoch 1 completed. Average loss: 10.7450
2025-08-30 01:12:10,138 - INFO - Saved epoch checkpoint: /home/labs25captioning/blip2/results/multi_gpu_training/multi_gpu_20250830_004609/epoch-1
2025-08-30 01:12:10,138 - INFO - 
EPOCH 2/12
2025-08-30 01:17:09,967 - INFO - Step 60, Loss: 2.2119, LR: 1.50e-05
2025-08-30 01:27:09,489 - INFO - Step 80, Loss: 0.4283, LR: 2.00e-05
2025-08-30 01:37:06,641 - INFO - Step 100, Loss: 0.5568, LR: 2.50e-05
2025-08-30 01:37:24,936 - INFO - Epoch 2 completed. Average loss: 1.3448
2025-08-30 01:37:45,295 - INFO - Saved epoch checkpoint: /home/labs25captioning/blip2/results/multi_gpu_training/multi_gpu_20250830_004609/epoch-2
2025-08-30 01:37:45,295 - INFO - 
EPOCH 3/12
2025-08-30 01:47:46,288 - INFO - Step 120, Loss: 0.6169, LR: 3.00e-05
2025-08-30 01:57:44,817 - INFO - Step 140, Loss: 0.4616, LR: 2.99e-05
2025-08-30 02:03:03,081 - INFO - Epoch 3 completed. Average loss: 0.5968
2025-08-30 02:03:23,540 - INFO - Saved epoch checkpoint: /home/labs25captioning/blip2/results/multi_gpu_training/multi_gpu_20250830_004609/epoch-3
2025-08-30 02:03:23,540 - INFO - 
EPOCH 4/12
2025-08-30 02:08:21,491 - INFO - Step 160, Loss: 1.3394, LR: 2.95e-05
2025-08-30 02:18:16,774 - INFO - Step 180, Loss: 0.5122, LR: 2.89e-05
2025-08-30 02:28:15,310 - INFO - Step 200, Loss: 0.5566, LR: 2.80e-05
2025-08-30 02:28:33,459 - INFO - Epoch 4 completed. Average loss: 0.5513
2025-08-30 02:28:53,626 - INFO - Saved epoch checkpoint: /home/labs25captioning/blip2/results/multi_gpu_training/multi_gpu_20250830_004609/epoch-4
2025-08-30 02:28:53,626 - INFO - 
EPOCH 5/12
2025-08-30 02:38:54,313 - INFO - Step 220, Loss: 0.4394, LR: 2.69e-05
2025-08-30 02:48:54,339 - INFO - Step 240, Loss: 0.3520, LR: 2.56e-05
2025-08-30 02:54:11,701 - INFO - Epoch 5 completed. Average loss: 0.5362
2025-08-30 02:54:32,845 - INFO - Saved epoch checkpoint: /home/labs25captioning/blip2/results/multi_gpu_training/multi_gpu_20250830_004609/epoch-5
2025-08-30 02:54:32,846 - INFO - 
EPOCH 6/12
2025-08-30 02:59:33,242 - INFO - Step 260, Loss: 0.3431, LR: 2.41e-05
2025-08-30 03:09:30,697 - INFO - Step 280, Loss: 0.3804, LR: 2.25e-05
2025-08-30 03:19:26,401 - INFO - Step 300, Loss: 0.7313, LR: 2.07e-05
2025-08-30 03:19:44,490 - INFO - Epoch 6 completed. Average loss: 0.5212
2025-08-30 03:20:02,469 - INFO - Saved epoch checkpoint: /home/labs25captioning/blip2/results/multi_gpu_training/multi_gpu_20250830_004609/epoch-6
2025-08-30 03:20:02,469 - INFO - 
EPOCH 7/12
2025-08-30 03:30:02,727 - INFO - Step 320, Loss: 0.5647, LR: 1.89e-05
2025-08-30 03:40:01,380 - INFO - Step 340, Loss: 0.4806, LR: 1.70e-05
2025-08-30 03:45:19,993 - INFO - Epoch 7 completed. Average loss: 0.5136
2025-08-30 03:45:36,220 - INFO - Saved epoch checkpoint: /home/labs25captioning/blip2/results/multi_gpu_training/multi_gpu_20250830_004609/epoch-7
2025-08-30 03:45:36,221 - INFO - 
EPOCH 8/12
2025-08-30 03:50:36,219 - INFO - Step 360, Loss: 0.2430, LR: 1.50e-05
2025-08-30 04:00:40,077 - INFO - Step 380, Loss: 0.8042, LR: 1.30e-05
2025-08-30 04:11:31,477 - INFO - Step 400, Loss: 0.4828, LR: 1.11e-05
2025-08-30 04:11:49,126 - INFO - Saved checkpoint: /home/labs25captioning/blip2/results/multi_gpu_training/multi_gpu_20250830_004609/checkpoint-400
2025-08-30 04:11:49,126 - INFO - Validation loss: 0.4836
2025-08-30 04:12:05,757 - INFO - New best model! Loss: 0.4836
2025-08-30 04:12:24,126 - INFO - Epoch 8 completed. Average loss: 0.5101
2025-08-30 04:12:39,889 - INFO - Saved epoch checkpoint: /home/labs25captioning/blip2/results/multi_gpu_training/multi_gpu_20250830_004609/epoch-8
2025-08-30 04:12:39,890 - INFO - 
EPOCH 9/12
2025-08-30 04:22:48,614 - INFO - Step 420, Loss: 0.4033, LR: 9.26e-06
2025-08-30 04:32:58,233 - INFO - Step 440, Loss: 0.8041, LR: 7.50e-06
2025-08-30 04:38:19,796 - INFO - Epoch 9 completed. Average loss: 0.5034
2025-08-30 04:38:36,102 - INFO - Saved epoch checkpoint: /home/labs25captioning/blip2/results/multi_gpu_training/multi_gpu_20250830_004609/epoch-9
2025-08-30 04:38:36,102 - INFO - 
EPOCH 10/12
2025-08-30 04:43:38,175 - INFO - Step 460, Loss: 0.5033, LR: 5.87e-06
2025-08-30 04:53:27,394 - INFO - Step 480, Loss: 0.4956, LR: 4.39e-06
2025-08-30 05:03:18,633 - INFO - Step 500, Loss: 0.4186, LR: 3.10e-06
2025-08-30 05:03:36,660 - INFO - Epoch 10 completed. Average loss: 0.5054
2025-08-30 05:03:52,889 - INFO - Saved epoch checkpoint: /home/labs25captioning/blip2/results/multi_gpu_training/multi_gpu_20250830_004609/epoch-10
2025-08-30 05:03:52,889 - INFO - 
EPOCH 11/12
2025-08-30 05:13:53,398 - INFO - Step 520, Loss: 0.4648, LR: 2.01e-06
2025-08-30 05:23:51,602 - INFO - Step 540, Loss: 0.2770, LR: 1.14e-06
2025-08-30 05:29:08,934 - INFO - Epoch 11 completed. Average loss: 0.4978
2025-08-30 05:29:24,993 - INFO - Saved epoch checkpoint: /home/labs25captioning/blip2/results/multi_gpu_training/multi_gpu_20250830_004609/epoch-11
2025-08-30 05:29:24,993 - INFO - 
EPOCH 12/12
2025-08-30 05:34:28,114 - INFO - Step 560, Loss: 0.7508, LR: 5.11e-07
2025-08-30 05:44:28,266 - INFO - Step 580, Loss: 0.6515, LR: 1.28e-07
2025-08-30 05:54:25,359 - INFO - Step 600, Loss: 0.3495, LR: 0.00e+00
2025-08-30 05:54:43,607 - INFO - Epoch 12 completed. Average loss: 0.5019
2025-08-30 05:54:59,483 - INFO - Saved epoch checkpoint: /home/labs25captioning/blip2/results/multi_gpu_training/multi_gpu_20250830_004609/epoch-12
2025-08-30 05:54:59,483 - INFO - 
======================================================================
2025-08-30 05:54:59,483 - INFO - TRAINING COMPLETED SUCCESSFULLY!
2025-08-30 05:54:59,483 - INFO - Best validation loss: 0.4836
2025-08-30 05:54:59,483 - INFO - Best model saved at: /home/labs25captioning/blip2/results/multi_gpu_training/multi_gpu_20250830_004609/best_model
2025-08-30 05:54:59,483 - INFO - ======================================================================
